# JRE version: Java(TM) SE Runtime Environment (8.0_181-b13) (build 1.8.0_181-b13)
# Java VM: Java HotSpot(TM) 64-Bit Server VM (25.181-b13 mixed mode linux-amd64 compressed oops)
Heap:
 PSYoungGen      total 114176K, used 4376K [0x00000000f5580000, 0x00000000fd100000, 0x0000000100000000)
  eden space 101888K, 4% used [0x00000000f5580000,0x00000000f59c6058,0x00000000fb900000)
  from space 12288K, 0% used [0x00000000fb900000,0x00000000fb900000,0x00000000fc500000)
  to   space 12288K, 0% used [0x00000000fc500000,0x00000000fc500000,0x00000000fd100000)
 ParOldGen       total 69120K, used 17198K [0x00000000e0000000, 0x00000000e4380000, 0x00000000f5580000)
  object space 69120K, 24% used [0x00000000e0000000,0x00000000e10cb888,0x00000000e4380000)
 Metaspace       used 24346K, capacity 24690K, committed 29568K, reserved 1073152K
  class space    used 2901K, capacity 3012K, committed 6016K, reserved 1048576K
GC Heap History (10 events):
Event: 526.329 GC heap before
{Heap before GC invocations=334 (full 19):
 PSYoungGen      total 114176K, used 96K [0x00000000f5580000, 0x00000000fd100000, 0x0000000100000000)
  eden space 101888K, 0% used [0x00000000f5580000,0x00000000f5580000,0x00000000fb900000)
  from space 12288K, 0% used [0x00000000fb900000,0x00000000fb918000,0x00000000fc500000)
  to   space 12288K, 0% used [0x00000000fc500000,0x00000000fc500000,0x00000000fd100000)
 ParOldGen       total 69120K, used 17362K [0x00000000e0000000, 0x00000000e4380000, 0x00000000f5580000)
  object space 69120K, 25% used [0x00000000e0000000,0x00000000e10f4940,0x00000000e4380000)
 Metaspace       used 24335K, capacity 24690K, committed 29568K, reserved 1073152K
  class space    used 2900K, capacity 3012K, committed 6016K, reserved 1048576K
Event: 526.356 GC heap after
Heap after GC invocations=334 (full 19):
 PSYoungGen      total 114176K, used 0K [0x00000000f5580000, 0x00000000fd100000, 0x0000000100000000)
  eden space 101888K, 0% used [0x00000000f5580000,0x00000000f5580000,0x00000000fb900000)
  from space 12288K, 0% used [0x00000000fb900000,0x00000000fb900000,0x00000000fc500000)
  to   space 12288K, 0% used [0x00000000fc500000,0x00000000fc500000,0x00000000fd100000)
 ParOldGen       total 69120K, used 17203K [0x00000000e0000000, 0x00000000e4380000, 0x00000000f5580000)
  object space 69120K, 24% used [0x00000000e0000000,0x00000000e10cce80,0x00000000e4380000)
 Metaspace       used 24335K, capacity 24690K, committed 29568K, reserved 1073152K
  class space    used 2900K, capacity 3012K, committed 6016K, reserved 1048576K
}
Event: 526.357 GC heap before
{Heap before GC invocations=335 (full 19):
 PSYoungGen      total 114176K, used 1087K [0x00000000f5580000, 0x00000000fd100000, 0x0000000100000000)
  eden space 101888K, 1% used [0x00000000f5580000,0x00000000f568fe00,0x00000000fb900000)
  from space 12288K, 0% used [0x00000000fb900000,0x00000000fb900000,0x00000000fc500000)
  to   space 12288K, 0% used [0x00000000fc500000,0x00000000fc500000,0x00000000fd100000)
 ParOldGen       total 69120K, used 17203K [0x00000000e0000000, 0x00000000e4380000, 0x00000000f5580000)
  object space 69120K, 24% used [0x00000000e0000000,0x00000000e10cce80,0x00000000e4380000)
 Metaspace       used 24335K, capacity 24690K, committed 29568K, reserved 1073152K
  class space    used 2900K, capacity 3012K, committed 6016K, reserved 1048576K
Event: 526.359 GC heap after
Heap after GC invocations=335 (full 19):
 PSYoungGen      total 114176K, used 96K [0x00000000f5580000, 0x00000000fd100000, 0x0000000100000000)
  eden space 101888K, 0% used [0x00000000f5580000,0x00000000f5580000,0x00000000fb900000)
  from space 12288K, 0% used [0x00000000fc500000,0x00000000fc518000,0x00000000fd100000)
  to   space 12288K, 0% used [0x00000000fb900000,0x00000000fb900000,0x00000000fc500000)
 ParOldGen       total 69120K, used 17203K [0x00000000e0000000, 0x00000000e4380000, 0x00000000f5580000)
  object space 69120K, 24% used [0x00000000e0000000,0x00000000e10cce80,0x00000000e4380000)
 Metaspace       used 24335K, capacity 24690K, committed 29568K, reserved 1073152K
  class space    used 2900K, capacity 3012K, committed 6016K, reserved 1048576K
}
Event: 526.359 GC heap before
{Heap before GC invocations=336 (full 20):
 PSYoungGen      total 114176K, used 96K [0x00000000f5580000, 0x00000000fd100000, 0x0000000100000000)
  eden space 101888K, 0% used [0x00000000f5580000,0x00000000f5580000,0x00000000fb900000)
  from space 12288K, 0% used [0x00000000fc500000,0x00000000fc518000,0x00000000fd100000)
  to   space 12288K, 0% used [0x00000000fb900000,0x00000000fb900000,0x00000000fc500000)
 ParOldGen       total 69120K, used 17203K [0x00000000e0000000, 0x00000000e4380000, 0x00000000f5580000)
  object space 69120K, 24% used [0x00000000e0000000,0x00000000e10cce80,0x00000000e4380000)
 Metaspace       used 24335K, capacity 24690K, committed 29568K, reserved 1073152K
  class space    used 2900K, capacity 3012K, committed 6016K, reserved 1048576K
Event: 526.388 GC heap after
Heap after GC invocations=336 (full 20):
 PSYoungGen      total 114176K, used 0K [0x00000000f5580000, 0x00000000fd100000, 0x0000000100000000)
  eden space 101888K, 0% used [0x00000000f5580000,0x00000000f5580000,0x00000000fb900000)
  from space 12288K, 0% used [0x00000000fc500000,0x00000000fc500000,0x00000000fd100000)
  to   space 12288K, 0% used [0x00000000fb900000,0x00000000fb900000,0x00000000fc500000)
 ParOldGen       total 69120K, used 17197K [0x00000000e0000000, 0x00000000e4380000, 0x00000000f5580000)
  object space 69120K, 24% used [0x00000000e0000000,0x00000000e10cb790,0x00000000e4380000)
 Metaspace       used 24335K, capacity 24690K, committed 29568K, reserved 1073152K
  class space    used 2900K, capacity 3012K, committed 6016K, reserved 1048576K
}
Event: 526.388 GC heap before
{Heap before GC invocations=337 (full 20):
 PSYoungGen      total 114176K, used 1374K [0x00000000f5580000, 0x00000000fd100000, 0x0000000100000000)
  eden space 101888K, 1% used [0x00000000f5580000,0x00000000f56d7a60,0x00000000fb900000)
  from space 12288K, 0% used [0x00000000fc500000,0x00000000fc500000,0x00000000fd100000)
  to   space 12288K, 0% used [0x00000000fb900000,0x00000000fb900000,0x00000000fc500000)
 ParOldGen       total 69120K, used 17197K [0x00000000e0000000, 0x00000000e4380000, 0x00000000f5580000)
  object space 69120K, 24% used [0x00000000e0000000,0x00000000e10cb790,0x00000000e4380000)
 Metaspace       used 24335K, capacity 24690K, committed 29568K, reserved 1073152K
  class space    used 2900K, capacity 3012K, committed 6016K, reserved 1048576K
Event: 526.389 GC heap after
Heap after GC invocations=337 (full 20):
 PSYoungGen      total 114176K, used 96K [0x00000000f5580000, 0x00000000fd100000, 0x0000000100000000)
  eden space 101888K, 0% used [0x00000000f5580000,0x00000000f5580000,0x00000000fb900000)
  from space 12288K, 0% used [0x00000000fb900000,0x00000000fb918000,0x00000000fc500000)
  to   space 12288K, 0% used [0x00000000fc500000,0x00000000fc500000,0x00000000fd100000)
 ParOldGen       total 69120K, used 17197K [0x00000000e0000000, 0x00000000e4380000, 0x00000000f5580000)
  object space 69120K, 24% used [0x00000000e0000000,0x00000000e10cb790,0x00000000e4380000)
 Metaspace       used 24335K, capacity 24690K, committed 29568K, reserved 1073152K
  class space    used 2900K, capacity 3012K, committed 6016K, reserved 1048576K
}
Event: 526.389 GC heap before
{Heap before GC invocations=338 (full 21):
 PSYoungGen      total 114176K, used 96K [0x00000000f5580000, 0x00000000fd100000, 0x0000000100000000)
  eden space 101888K, 0% used [0x00000000f5580000,0x00000000f5580000,0x00000000fb900000)
  from space 12288K, 0% used [0x00000000fb900000,0x00000000fb918000,0x00000000fc500000)
  to   space 12288K, 0% used [0x00000000fc500000,0x00000000fc500000,0x00000000fd100000)
 ParOldGen       total 69120K, used 17197K [0x00000000e0000000, 0x00000000e4380000, 0x00000000f5580000)
  object space 69120K, 24% used [0x00000000e0000000,0x00000000e10cb790,0x00000000e4380000)
 Metaspace       used 24335K, capacity 24690K, committed 29568K, reserved 1073152K
  class space    used 2900K, capacity 3012K, committed 6016K, reserved 1048576K
Event: 526.416 GC heap after
Heap after GC invocations=338 (full 21):
 PSYoungGen      total 114176K, used 0K [0x00000000f5580000, 0x00000000fd100000, 0x0000000100000000)
  eden space 101888K, 0% used [0x00000000f5580000,0x00000000f5580000,0x00000000fb900000)
  from space 12288K, 0% used [0x00000000fb900000,0x00000000fb900000,0x00000000fc500000)
  to   space 12288K, 0% used [0x00000000fc500000,0x00000000fc500000,0x00000000fd100000)
 ParOldGen       total 69120K, used 17198K [0x00000000e0000000, 0x00000000e4380000, 0x00000000f5580000)
  object space 69120K, 24% used [0x00000000e0000000,0x00000000e10cb888,0x00000000e4380000)
 Metaspace       used 24335K, capacity 24690K, committed 29568K, reserved 1073152K
  class space    used 2900K, capacity 3012K, committed 6016K, reserved 1048576K
}

